# JRE version: Java(TM) SE Runtime Environment (17.0.11+7) (build 17.0.11+7-LTS-207)
# Java VM: Java HotSpot(TM) 64-Bit Server VM (17.0.11+7-LTS-207, mixed mode, emulated-client, sharing, tiered, compressed oops, compressed class ptrs, g1 gc, windows-amd64)
GC Precious Log:
 CPUs: 12 total, 12 available
 Memory: 5829M
 Large Page Support: Disabled
 NUMA Support: Disabled
 Compressed Oops: Enabled (32-bit)
 Heap Region Size: 1M
 Heap Min Capacity: 8M
 Heap Initial Capacity: 92M
 Heap Max Capacity: 1458M
 Pre-touch: Disabled
 Parallel Workers: 10
 Concurrent Workers: 3
 Concurrent Refinement Workers: 10
 Periodic GC: Disabled
Heap:
 garbage-first heap   total 68608K, used 25839K [0x00000000a4e00000, 0x0000000100000000)
  region size 1024K, 2 young (2048K), 2 survivors (2048K)
 Metaspace       used 35636K, committed 36096K, reserved 1114112K
  class space    used 5015K, committed 5248K, reserved 1048576K
GC Heap History (19 events):
Event: 3.635 GC heap before
{Heap before GC invocations=0 (full 0):
 garbage-first heap   total 94208K, used 24576K [0x00000000a4e00000, 0x0000000100000000)
  region size 1024K, 23 young (23552K), 0 survivors (0K)
 Metaspace       used 6166K, committed 6400K, reserved 1114112K
  class space    used 779K, committed 896K, reserved 1048576K
}
Event: 3.646 GC heap after
{Heap after GC invocations=1 (full 0):
 garbage-first heap   total 94208K, used 10360K [0x00000000a4e00000, 0x0000000100000000)
  region size 1024K, 3 young (3072K), 3 survivors (3072K)
 Metaspace       used 6166K, committed 6400K, reserved 1114112K
  class space    used 779K, committed 896K, reserved 1048576K
}
Event: 4.032 GC heap before
{Heap before GC invocations=1 (full 0):
 garbage-first heap   total 94208K, used 30840K [0x00000000a4e00000, 0x0000000100000000)
  region size 1024K, 23 young (23552K), 3 survivors (3072K)
 Metaspace       used 9800K, committed 10048K, reserved 1114112K
  class space    used 1314K, committed 1408K, reserved 1048576K
}
Event: 4.035 GC heap after
{Heap after GC invocations=2 (full 0):
 garbage-first heap   total 94208K, used 12034K [0x00000000a4e00000, 0x0000000100000000)
  region size 1024K, 2 young (2048K), 2 survivors (2048K)
 Metaspace       used 9800K, committed 10048K, reserved 1114112K
  class space    used 1314K, committed 1408K, reserved 1048576K
}
Event: 5.531 GC heap before
{Heap before GC invocations=2 (full 0):
 garbage-first heap   total 94208K, used 44802K [0x00000000a4e00000, 0x0000000100000000)
  region size 1024K, 35 young (35840K), 2 survivors (2048K)
 Metaspace       used 16238K, committed 16704K, reserved 1114112K
  class space    used 2398K, committed 2624K, reserved 1048576K
}
Event: 5.535 GC heap after
{Heap after GC invocations=3 (full 0):
 garbage-first heap   total 94208K, used 14100K [0x00000000a4e00000, 0x0000000100000000)
  region size 1024K, 4 young (4096K), 4 survivors (4096K)
 Metaspace       used 16238K, committed 16704K, reserved 1114112K
  class space    used 2398K, committed 2624K, reserved 1048576K
}
Event: 5.792 GC heap before
{Heap before GC invocations=3 (full 0):
 garbage-first heap   total 94208K, used 38676K [0x00000000a4e00000, 0x0000000100000000)
  region size 1024K, 30 young (30720K), 4 survivors (4096K)
 Metaspace       used 21110K, committed 21568K, reserved 1114112K
  class space    used 2969K, committed 3200K, reserved 1048576K
}
Event: 5.797 GC heap after
{Heap after GC invocations=4 (full 0):
 garbage-first heap   total 94208K, used 16219K [0x00000000a4e00000, 0x0000000100000000)
  region size 1024K, 6 young (6144K), 6 survivors (6144K)
 Metaspace       used 21110K, committed 21568K, reserved 1114112K
  class space    used 2969K, committed 3200K, reserved 1048576K
}
Event: 6.194 GC heap before
{Heap before GC invocations=5 (full 0):
 garbage-first heap   total 61440K, used 46939K [0x00000000a4e00000, 0x0000000100000000)
  region size 1024K, 36 young (36864K), 6 survivors (6144K)
 Metaspace       used 24460K, committed 24832K, reserved 1114112K
  class space    used 3441K, committed 3648K, reserved 1048576K
}
Event: 6.200 GC heap after
{Heap after GC invocations=6 (full 0):
 garbage-first heap   total 61440K, used 19047K [0x00000000a4e00000, 0x0000000100000000)
  region size 1024K, 5 young (5120K), 5 survivors (5120K)
 Metaspace       used 24460K, committed 24832K, reserved 1114112K
  class space    used 3441K, committed 3648K, reserved 1048576K
}
Event: 6.553 GC heap before
{Heap before GC invocations=6 (full 0):
 garbage-first heap   total 61440K, used 41575K [0x00000000a4e00000, 0x0000000100000000)
  region size 1024K, 27 young (27648K), 5 survivors (5120K)
 Metaspace       used 26596K, committed 27008K, reserved 1114112K
  class space    used 3726K, committed 3904K, reserved 1048576K
}
Event: 6.559 GC heap after
{Heap after GC invocations=7 (full 0):
 garbage-first heap   total 61440K, used 20301K [0x00000000a4e00000, 0x0000000100000000)
  region size 1024K, 2 young (2048K), 2 survivors (2048K)
 Metaspace       used 26596K, committed 27008K, reserved 1114112K
  class space    used 3726K, committed 3904K, reserved 1048576K
}
Event: 6.971 GC heap before
{Heap before GC invocations=7 (full 0):
 garbage-first heap   total 61440K, used 42829K [0x00000000a4e00000, 0x0000000100000000)
  region size 1024K, 25 young (25600K), 2 survivors (2048K)
 Metaspace       used 28699K, committed 29120K, reserved 1114112K
  class space    used 4060K, committed 4224K, reserved 1048576K
}
Event: 6.974 GC heap after
{Heap after GC invocations=8 (full 0):
 garbage-first heap   total 61440K, used 21747K [0x00000000a4e00000, 0x0000000100000000)
  region size 1024K, 4 young (4096K), 4 survivors (4096K)
 Metaspace       used 28699K, committed 29120K, reserved 1114112K
  class space    used 4060K, committed 4224K, reserved 1048576K
}
Event: 7.352 GC heap before
{Heap before GC invocations=8 (full 0):
 garbage-first heap   total 61440K, used 44275K [0x00000000a4e00000, 0x0000000100000000)
  region size 1024K, 26 young (26624K), 4 survivors (4096K)
 Metaspace       used 32056K, committed 32512K, reserved 1114112K
  class space    used 4571K, committed 4800K, reserved 1048576K
}
Event: 7.355 GC heap after
{Heap after GC invocations=9 (full 0):
 garbage-first heap   total 61440K, used 24155K [0x00000000a4e00000, 0x0000000100000000)
  region size 1024K, 4 young (4096K), 4 survivors (4096K)
 Metaspace       used 32056K, committed 32512K, reserved 1114112K
  class space    used 4571K, committed 4800K, reserved 1048576K
}
Event: 7.712 GC heap before
{Heap before GC invocations=9 (full 0):
 garbage-first heap   total 61440K, used 44635K [0x00000000a4e00000, 0x0000000100000000)
  region size 1024K, 25 young (25600K), 4 survivors (4096K)
 Metaspace       used 34222K, committed 34688K, reserved 1114112K
  class space    used 4859K, committed 5056K, reserved 1048576K
}
Event: 7.716 GC heap after
{Heap after GC invocations=10 (full 0):
 garbage-first heap   total 61440K, used 25525K [0x00000000a4e00000, 0x0000000100000000)
  region size 1024K, 2 young (2048K), 2 survivors (2048K)
 Metaspace       used 34222K, committed 34688K, reserved 1114112K
  class space    used 4859K, committed 5056K, reserved 1048576K
}
Event: 7.907 GC heap before
{Heap before GC invocations=10 (full 0):
 garbage-first heap   total 61440K, used 29621K [0x00000000a4e00000, 0x0000000100000000)
  region size 1024K, 7 young (7168K), 2 survivors (2048K)
 Metaspace       used 35636K, committed 36096K, reserved 1114112K
  class space    used 5015K, committed 5248K, reserved 1048576K
}

