# JRE version: Java(TM) SE Runtime Environment (17.0.11+7) (build 17.0.11+7-LTS-207)
# Java VM: Java HotSpot(TM) 64-Bit Server VM (17.0.11+7-LTS-207, mixed mode, emulated-client, sharing, tiered, compressed oops, compressed class ptrs, g1 gc, windows-amd64)
GC Precious Log:
 CPUs: 12 total, 12 available
 Memory: 5829M
 Large Page Support: Disabled
 NUMA Support: Disabled
 Compressed Oops: Enabled (32-bit)
 Heap Region Size: 1M
 Heap Min Capacity: 8M
 Heap Initial Capacity: 92M
 Heap Max Capacity: 1458M
 Pre-touch: Disabled
 Parallel Workers: 10
 Concurrent Workers: 3
 Concurrent Refinement Workers: 10
 Periodic GC: Disabled
Heap:
 garbage-first heap   total 115712K, used 70424K [0x00000000a4e00000, 0x0000000100000000)
  region size 1024K, 4 young (4096K), 4 survivors (4096K)
 Metaspace       used 93078K, committed 93760K, reserved 1179648K
  class space    used 13514K, committed 13824K, reserved 1048576K
GC Heap History (20 events):
Event: 16.840 GC heap after
{Heap after GC invocations=39 (full 0):
 garbage-first heap   total 86016K, used 50764K [0x00000000a4e00000, 0x0000000100000000)
  region size 1024K, 3 young (3072K), 3 survivors (3072K)
 Metaspace       used 86031K, committed 86720K, reserved 1179648K
  class space    used 12240K, committed 12608K, reserved 1048576K
}
Event: 17.079 GC heap before
{Heap before GC invocations=40 (full 0):
 garbage-first heap   total 92160K, used 71244K [0x00000000a4e00000, 0x0000000100000000)
  region size 1024K, 23 young (23552K), 3 survivors (3072K)
 Metaspace       used 87380K, committed 88000K, reserved 1179648K
  class space    used 12425K, committed 12736K, reserved 1048576K
}
Event: 17.082 GC heap after
{Heap after GC invocations=41 (full 0):
 garbage-first heap   total 92160K, used 51893K [0x00000000a4e00000, 0x0000000100000000)
  region size 1024K, 2 young (2048K), 2 survivors (2048K)
 Metaspace       used 87380K, committed 88000K, reserved 1179648K
  class space    used 12425K, committed 12736K, reserved 1048576K
}
Event: 17.123 GC heap before
{Heap before GC invocations=41 (full 0):
 garbage-first heap   total 92160K, used 53941K [0x00000000a4e00000, 0x0000000100000000)
  region size 1024K, 4 young (4096K), 2 survivors (2048K)
 Metaspace       used 87816K, committed 88512K, reserved 1179648K
  class space    used 12462K, committed 12800K, reserved 1048576K
}
Event: 17.125 GC heap after
{Heap after GC invocations=42 (full 0):
 garbage-first heap   total 92160K, used 51918K [0x00000000a4e00000, 0x0000000100000000)
  region size 1024K, 1 young (1024K), 1 survivors (1024K)
 Metaspace       used 87816K, committed 88512K, reserved 1179648K
  class space    used 12462K, committed 12800K, reserved 1048576K
}
Event: 17.341 GC heap before
{Heap before GC invocations=42 (full 0):
 garbage-first heap   total 92160K, used 76494K [0x00000000a4e00000, 0x0000000100000000)
  region size 1024K, 26 young (26624K), 1 survivors (1024K)
 Metaspace       used 89525K, committed 90176K, reserved 1179648K
  class space    used 12863K, committed 13184K, reserved 1048576K
}
Event: 17.343 GC heap after
{Heap after GC invocations=43 (full 0):
 garbage-first heap   total 92160K, used 52963K [0x00000000a4e00000, 0x0000000100000000)
  region size 1024K, 2 young (2048K), 2 survivors (2048K)
 Metaspace       used 89525K, committed 90176K, reserved 1179648K
  class space    used 12863K, committed 13184K, reserved 1048576K
}
Event: 17.528 GC heap before
{Heap before GC invocations=44 (full 0):
 garbage-first heap   total 94208K, used 77539K [0x00000000a4e00000, 0x0000000100000000)
  region size 1024K, 26 young (26624K), 2 survivors (2048K)
 Metaspace       used 91098K, committed 91776K, reserved 1179648K
  class space    used 13224K, committed 13568K, reserved 1048576K
}
Event: 17.530 GC heap after
{Heap after GC invocations=45 (full 0):
 garbage-first heap   total 94208K, used 53956K [0x00000000a4e00000, 0x0000000100000000)
  region size 1024K, 3 young (3072K), 3 survivors (3072K)
 Metaspace       used 91098K, committed 91776K, reserved 1179648K
  class space    used 13224K, committed 13568K, reserved 1048576K
}
Event: 17.532 GC heap before
{Heap before GC invocations=45 (full 0):
 garbage-first heap   total 94208K, used 54980K [0x00000000a4e00000, 0x0000000100000000)
  region size 1024K, 4 young (4096K), 3 survivors (3072K)
 Metaspace       used 91102K, committed 91776K, reserved 1179648K
  class space    used 13224K, committed 13568K, reserved 1048576K
}
Event: 17.536 GC heap after
{Heap after GC invocations=46 (full 0):
 garbage-first heap   total 115712K, used 53907K [0x00000000a4e00000, 0x0000000100000000)
  region size 1024K, 1 young (1024K), 1 survivors (1024K)
 Metaspace       used 91102K, committed 91776K, reserved 1179648K
  class space    used 13224K, committed 13568K, reserved 1048576K
}
Event: 17.736 GC heap before
{Heap before GC invocations=46 (full 0):
 garbage-first heap   total 115712K, used 94867K [0x00000000a4e00000, 0x0000000100000000)
  region size 1024K, 41 young (41984K), 1 survivors (1024K)
 Metaspace       used 92753K, committed 93440K, reserved 1179648K
  class space    used 13469K, committed 13824K, reserved 1048576K
}
Event: 17.738 GC heap after
{Heap after GC invocations=47 (full 0):
 garbage-first heap   total 115712K, used 54715K [0x00000000a4e00000, 0x0000000100000000)
  region size 1024K, 2 young (2048K), 2 survivors (2048K)
 Metaspace       used 92753K, committed 93440K, reserved 1179648K
  class space    used 13469K, committed 13824K, reserved 1048576K
}
Event: 17.869 GC heap before
{Heap before GC invocations=48 (full 0):
 garbage-first heap   total 115712K, used 95675K [0x00000000a4e00000, 0x0000000100000000)
  region size 1024K, 42 young (43008K), 2 survivors (2048K)
 Metaspace       used 92896K, committed 93568K, reserved 1179648K
  class space    used 13488K, committed 13824K, reserved 1048576K
}
Event: 17.871 GC heap after
{Heap after GC invocations=49 (full 0):
 garbage-first heap   total 115712K, used 56284K [0x00000000a4e00000, 0x0000000100000000)
  region size 1024K, 3 young (3072K), 3 survivors (3072K)
 Metaspace       used 92896K, committed 93568K, reserved 1179648K
  class space    used 13488K, committed 13824K, reserved 1048576K
}
Event: 17.874 GC heap before
{Heap before GC invocations=49 (full 0):
 garbage-first heap   total 115712K, used 58332K [0x00000000a4e00000, 0x0000000100000000)
  region size 1024K, 5 young (5120K), 3 survivors (3072K)
 Metaspace       used 92896K, committed 93568K, reserved 1179648K
  class space    used 13488K, committed 13824K, reserved 1048576K
}
Event: 17.878 GC heap after
{Heap after GC invocations=50 (full 0):
 garbage-first heap   total 115712K, used 56994K [0x00000000a4e00000, 0x0000000100000000)
  region size 1024K, 1 young (1024K), 1 survivors (1024K)
 Metaspace       used 92896K, committed 93568K, reserved 1179648K
  class space    used 13488K, committed 13824K, reserved 1048576K
}
Event: 17.940 GC heap before
{Heap before GC invocations=50 (full 0):
 garbage-first heap   total 115712K, used 96930K [0x00000000a4e00000, 0x0000000100000000)
  region size 1024K, 40 young (40960K), 1 survivors (1024K)
 Metaspace       used 92897K, committed 93568K, reserved 1179648K
  class space    used 13488K, committed 13824K, reserved 1048576K
}
Event: 17.946 GC heap after
{Heap after GC invocations=51 (full 0):
 garbage-first heap   total 115712K, used 65965K [0x00000000a4e00000, 0x0000000100000000)
  region size 1024K, 5 young (5120K), 5 survivors (5120K)
 Metaspace       used 92897K, committed 93568K, reserved 1179648K
  class space    used 13488K, committed 13824K, reserved 1048576K
}
Event: 18.037 GC heap before
{Heap before GC invocations=51 (full 0):
 garbage-first heap   total 115712K, used 93613K [0x00000000a4e00000, 0x0000000100000000)
  region size 1024K, 32 young (32768K), 5 survivors (5120K)
 Metaspace       used 93078K, committed 93760K, reserved 1179648K
  class space    used 13514K, committed 13824K, reserved 1048576K
}

