# JRE version: Java(TM) SE Runtime Environment (21.0.7+8) (build 21.0.7+8-LTS-245)
# Java VM: Java HotSpot(TM) 64-Bit Server VM (21.0.7+8-LTS-245, mixed mode, sharing, tiered, compressed oops, compressed class ptrs, g1 gc, windows-amd64)
GC Precious Log:
 CardTable entry size: 512
 Card Set container configuration: InlinePtr #cards 5 size 8 Array Of Cards #cards 12 size 40 Howl #buckets 4 coarsen threshold 1843 Howl Bitmap #cards 512 size 80 coarsen threshold 460 Card regions per heap region 1 cards per card region 2048
 CPUs: 12 total, 12 available
 Memory: 5829M
 Large Page Support: Disabled
 NUMA Support: Disabled
 Compressed Oops: Enabled (32-bit)
 Heap Region Size: 1M
 Heap Min Capacity: 512M
 Heap Initial Capacity: 512M
 Heap Max Capacity: 1G
 Pre-touch: Disabled
 Parallel Workers: 10
 Concurrent Workers: 3
 Concurrent Refinement Workers: 10
 Periodic GC: Disabled
Heap:
 garbage-first heap   total 524288K, used 108762K [0x00000000c0000000, 0x0000000100000000)
  region size 1024K, 92 young (94208K), 21 survivors (21504K)
 Metaspace       used 43733K, committed 45248K, reserved 1114112K
  class space    used 6150K, committed 6912K, reserved 1048576K
GC Heap History (10 events):
Event: 1.273 GC heap before
{Heap before GC invocations=0 (full 0):
 garbage-first heap   total 524288K, used 25600K [0x00000000c0000000, 0x0000000100000000)
  region size 1024K, 25 young (25600K), 0 survivors (0K)
 Metaspace       used 1086K, committed 1216K, reserved 1114112K
  class space    used 77K, committed 128K, reserved 1048576K
}
Event: 1.276 GC heap after
{Heap after GC invocations=1 (full 0):
 garbage-first heap   total 524288K, used 2412K [0x00000000c0000000, 0x0000000100000000)
  region size 1024K, 3 young (3072K), 3 survivors (3072K)
 Metaspace       used 1086K, committed 1216K, reserved 1114112K
  class space    used 77K, committed 128K, reserved 1048576K
}
Event: 2.237 GC heap before
{Heap before GC invocations=1 (full 0):
 garbage-first heap   total 524288K, used 42348K [0x00000000c0000000, 0x0000000100000000)
  region size 1024K, 40 young (40960K), 3 survivors (3072K)
 Metaspace       used 4400K, committed 4608K, reserved 1114112K
  class space    used 541K, committed 640K, reserved 1048576K
}
Event: 2.242 GC heap after
{Heap after GC invocations=2 (full 0):
 garbage-first heap   total 524288K, used 10816K [0x00000000c0000000, 0x0000000100000000)
  region size 1024K, 5 young (5120K), 5 survivors (5120K)
 Metaspace       used 4400K, committed 4608K, reserved 1114112K
  class space    used 541K, committed 640K, reserved 1048576K
}
Event: 3.091 GC heap before
{Heap before GC invocations=2 (full 0):
 garbage-first heap   total 524288K, used 63040K [0x00000000c0000000, 0x0000000100000000)
  region size 1024K, 54 young (55296K), 5 survivors (5120K)
 Metaspace       used 6036K, committed 6272K, reserved 1114112K
  class space    used 784K, committed 896K, reserved 1048576K
}
Event: 3.099 GC heap after
{Heap after GC invocations=3 (full 0):
 garbage-first heap   total 524288K, used 17846K [0x00000000c0000000, 0x0000000100000000)
  region size 1024K, 6 young (6144K), 6 survivors (6144K)
 Metaspace       used 6036K, committed 6272K, reserved 1114112K
  class space    used 784K, committed 896K, reserved 1048576K
}
Event: 5.578 GC heap before
{Heap before GC invocations=3 (full 0):
 garbage-first heap   total 524288K, used 104886K [0x00000000c0000000, 0x0000000100000000)
  region size 1024K, 92 young (94208K), 6 survivors (6144K)
 Metaspace       used 20811K, committed 21504K, reserved 1114112K
  class space    used 2968K, committed 3264K, reserved 1048576K
}
Event: 5.590 GC heap after
{Heap after GC invocations=4 (full 0):
 garbage-first heap   total 524288K, used 24205K [0x00000000c0000000, 0x0000000100000000)
  region size 1024K, 12 young (12288K), 12 survivors (12288K)
 Metaspace       used 20811K, committed 21504K, reserved 1114112K
  class space    used 2968K, committed 3264K, reserved 1048576K
}
Event: 7.682 GC heap before
{Heap before GC invocations=5 (full 0):
 garbage-first heap   total 524288K, used 136845K [0x00000000c0000000, 0x0000000100000000)
  region size 1024K, 124 young (126976K), 12 survivors (12288K)
 Metaspace       used 34913K, committed 35968K, reserved 1114112K
  class space    used 4893K, committed 5440K, reserved 1048576K
}
Event: 7.696 GC heap after
{Heap after GC invocations=6 (full 0):
 garbage-first heap   total 524288K, used 32986K [0x00000000c0000000, 0x0000000100000000)
  region size 1024K, 21 young (21504K), 21 survivors (21504K)
 Metaspace       used 34913K, committed 35968K, reserved 1114112K
  class space    used 4893K, committed 5440K, reserved 1048576K
}

