# JRE version: Java(TM) SE Runtime Environment (17.0.11+7) (build 17.0.11+7-LTS-207)
# Java VM: Java HotSpot(TM) 64-Bit Server VM (17.0.11+7-LTS-207, mixed mode, emulated-client, sharing, tiered, compressed oops, compressed class ptrs, g1 gc, windows-amd64)
GC Precious Log:
 CPUs: 12 total, 12 available
 Memory: 5829M
 Large Page Support: Disabled
 NUMA Support: Disabled
 Compressed Oops: Enabled (32-bit)
 Heap Region Size: 1M
 Heap Min Capacity: 8M
 Heap Initial Capacity: 92M
 Heap Max Capacity: 1458M
 Pre-touch: Disabled
 Parallel Workers: 10
 Concurrent Workers: 3
 Concurrent Refinement Workers: 10
 Periodic GC: Disabled
Heap:
 garbage-first heap   total 94208K, used 52210K [0x00000000a4e00000, 0x0000000100000000)
  region size 1024K, 1 young (1024K), 1 survivors (1024K)
 Metaspace       used 91040K, committed 91712K, reserved 1179648K
  class space    used 13207K, committed 13504K, reserved 1048576K
GC Heap History (20 events):
Event: 32.418 GC heap after
{Heap after GC invocations=34 (full 0):
 garbage-first heap   total 78848K, used 45866K [0x00000000a4e00000, 0x0000000100000000)
  region size 1024K, 2 young (2048K), 2 survivors (2048K)
 Metaspace       used 80632K, committed 81344K, reserved 1179648K
  class space    used 11437K, committed 11776K, reserved 1048576K
}
Event: 36.973 GC heap before
{Heap before GC invocations=34 (full 0):
 garbage-first heap   total 78848K, used 67370K [0x00000000a4e00000, 0x0000000100000000)
  region size 1024K, 23 young (23552K), 2 survivors (2048K)
 Metaspace       used 82521K, committed 83136K, reserved 1179648K
  class space    used 11720K, committed 12032K, reserved 1048576K
}
Event: 36.978 GC heap after
{Heap after GC invocations=35 (full 0):
 garbage-first heap   total 78848K, used 47059K [0x00000000a4e00000, 0x0000000100000000)
  region size 1024K, 3 young (3072K), 3 survivors (3072K)
 Metaspace       used 82521K, committed 83136K, reserved 1179648K
  class space    used 11720K, committed 12032K, reserved 1048576K
}
Event: 38.015 GC heap before
{Heap before GC invocations=36 (full 0):
 garbage-first heap   total 81920K, used 66515K [0x00000000a4e00000, 0x0000000100000000)
  region size 1024K, 22 young (22528K), 3 survivors (3072K)
 Metaspace       used 84848K, committed 85440K, reserved 1179648K
  class space    used 12055K, committed 12352K, reserved 1048576K
}
Event: 38.022 GC heap after
{Heap after GC invocations=37 (full 0):
 garbage-first heap   total 81920K, used 48355K [0x00000000a4e00000, 0x0000000100000000)
  region size 1024K, 3 young (3072K), 3 survivors (3072K)
 Metaspace       used 84848K, committed 85440K, reserved 1179648K
  class space    used 12055K, committed 12352K, reserved 1048576K
}
Event: 38.177 GC heap before
{Heap before GC invocations=37 (full 0):
 garbage-first heap   total 81920K, used 49379K [0x00000000a4e00000, 0x0000000100000000)
  region size 1024K, 4 young (4096K), 3 survivors (3072K)
 Metaspace       used 84985K, committed 85568K, reserved 1179648K
  class space    used 12067K, committed 12352K, reserved 1048576K
}
Event: 38.185 GC heap after
{Heap after GC invocations=38 (full 0):
 garbage-first heap   total 81920K, used 48116K [0x00000000a4e00000, 0x0000000100000000)
  region size 1024K, 1 young (1024K), 1 survivors (1024K)
 Metaspace       used 84985K, committed 85568K, reserved 1179648K
  class space    used 12067K, committed 12352K, reserved 1048576K
}
Event: 38.871 GC heap before
{Heap before GC invocations=38 (full 0):
 garbage-first heap   total 81920K, used 68596K [0x00000000a4e00000, 0x0000000100000000)
  region size 1024K, 21 young (21504K), 1 survivors (1024K)
 Metaspace       used 85720K, committed 86336K, reserved 1179648K
  class space    used 12184K, committed 12480K, reserved 1048576K
}
Event: 38.874 GC heap after
{Heap after GC invocations=39 (full 0):
 garbage-first heap   total 81920K, used 48719K [0x00000000a4e00000, 0x0000000100000000)
  region size 1024K, 1 young (1024K), 1 survivors (1024K)
 Metaspace       used 85720K, committed 86336K, reserved 1179648K
  class space    used 12184K, committed 12480K, reserved 1048576K
}
Event: 39.515 GC heap before
{Heap before GC invocations=40 (full 0):
 garbage-first heap   total 86016K, used 68175K [0x00000000a4e00000, 0x0000000100000000)
  region size 1024K, 20 young (20480K), 1 survivors (1024K)
 Metaspace       used 86080K, committed 86720K, reserved 1179648K
  class space    used 12239K, committed 12544K, reserved 1048576K
}
Event: 39.517 GC heap after
{Heap after GC invocations=41 (full 0):
 garbage-first heap   total 86016K, used 49642K [0x00000000a4e00000, 0x0000000100000000)
  region size 1024K, 2 young (2048K), 2 survivors (2048K)
 Metaspace       used 86080K, committed 86720K, reserved 1179648K
  class space    used 12239K, committed 12544K, reserved 1048576K
}
Event: 39.543 GC heap before
{Heap before GC invocations=41 (full 0):
 garbage-first heap   total 86016K, used 51690K [0x00000000a4e00000, 0x0000000100000000)
  region size 1024K, 4 young (4096K), 2 survivors (2048K)
 Metaspace       used 86109K, committed 86784K, reserved 1179648K
  class space    used 12241K, committed 12544K, reserved 1048576K
}
Event: 39.556 GC heap after
{Heap after GC invocations=42 (full 0):
 garbage-first heap   total 86016K, used 49251K [0x00000000a4e00000, 0x0000000100000000)
  region size 1024K, 1 young (1024K), 1 survivors (1024K)
 Metaspace       used 86109K, committed 86784K, reserved 1179648K
  class space    used 12241K, committed 12544K, reserved 1048576K
}
Event: 40.604 GC heap before
{Heap before GC invocations=42 (full 0):
 garbage-first heap   total 86016K, used 70755K [0x00000000a4e00000, 0x0000000100000000)
  region size 1024K, 23 young (23552K), 1 survivors (1024K)
 Metaspace       used 88975K, committed 89664K, reserved 1179648K
  class space    used 12783K, committed 13120K, reserved 1048576K
}
Event: 40.607 GC heap after
{Heap after GC invocations=43 (full 0):
 garbage-first heap   total 86016K, used 50557K [0x00000000a4e00000, 0x0000000100000000)
  region size 1024K, 2 young (2048K), 2 survivors (2048K)
 Metaspace       used 88975K, committed 89664K, reserved 1179648K
  class space    used 12783K, committed 13120K, reserved 1048576K
}
Event: 41.042 GC heap before
{Heap before GC invocations=44 (full 0):
 garbage-first heap   total 87040K, used 72061K [0x00000000a4e00000, 0x0000000100000000)
  region size 1024K, 23 young (23552K), 2 survivors (2048K)
 Metaspace       used 89964K, committed 90624K, reserved 1179648K
  class space    used 12887K, committed 13184K, reserved 1048576K
}
Event: 41.045 GC heap after
{Heap after GC invocations=45 (full 0):
 garbage-first heap   total 87040K, used 51759K [0x00000000a4e00000, 0x0000000100000000)
  region size 1024K, 3 young (3072K), 3 survivors (3072K)
 Metaspace       used 89964K, committed 90624K, reserved 1179648K
  class space    used 12887K, committed 13184K, reserved 1048576K
}
Event: 41.150 GC heap before
{Heap before GC invocations=45 (full 0):
 garbage-first heap   total 87040K, used 52783K [0x00000000a4e00000, 0x0000000100000000)
  region size 1024K, 4 young (4096K), 3 survivors (3072K)
 Metaspace       used 90155K, committed 90816K, reserved 1179648K
  class space    used 12945K, committed 13248K, reserved 1048576K
}
Event: 41.169 GC heap after
{Heap after GC invocations=46 (full 0):
 garbage-first heap   total 87040K, used 51860K [0x00000000a4e00000, 0x0000000100000000)
  region size 1024K, 1 young (1024K), 1 survivors (1024K)
 Metaspace       used 90155K, committed 90816K, reserved 1179648K
  class space    used 12945K, committed 13248K, reserved 1048576K
}
Event: 41.406 GC heap before
{Heap before GC invocations=46 (full 0):
 garbage-first heap   total 87040K, used 72340K [0x00000000a4e00000, 0x0000000100000000)
  region size 1024K, 21 young (21504K), 1 survivors (1024K)
 Metaspace       used 91040K, committed 91712K, reserved 1179648K
  class space    used 13207K, committed 13504K, reserved 1048576K
}

