# JRE version: Java(TM) SE Runtime Environment (17.0.11+7) (build 17.0.11+7-LTS-207)
# Java VM: Java HotSpot(TM) 64-Bit Server VM (17.0.11+7-LTS-207, mixed mode, emulated-client, sharing, tiered, compressed oops, compressed class ptrs, g1 gc, windows-amd64)
GC Precious Log:
 CPUs: 12 total, 12 available
 Memory: 5829M
 Large Page Support: Disabled
 NUMA Support: Disabled
 Compressed Oops: Enabled (32-bit)
 Heap Region Size: 1M
 Heap Min Capacity: 8M
 Heap Initial Capacity: 92M
 Heap Max Capacity: 1458M
 Pre-touch: Disabled
 Parallel Workers: 10
 Concurrent Workers: 3
 Concurrent Refinement Workers: 10
 Periodic GC: Disabled
Heap:
 garbage-first heap   total 167936K, used 60658K [0x00000000a4e00000, 0x0000000100000000)
  region size 1024K, 3 young (3072K), 3 survivors (3072K)
 Metaspace       used 110114K, committed 110784K, reserved 1179648K
  class space    used 15729K, committed 16064K, reserved 1048576K
GC Heap History (20 events):
Event: 19.694 GC heap after
{Heap after GC invocations=43 (full 0):
 garbage-first heap   total 247808K, used 57550K [0x00000000a4e00000, 0x0000000100000000)
  region size 1024K, 3 young (3072K), 3 survivors (3072K)
 Metaspace       used 93069K, committed 93824K, reserved 1179648K
  class space    used 13504K, committed 13824K, reserved 1048576K
}
Event: 22.720 GC heap before
{Heap before GC invocations=44 (full 0):
 garbage-first heap   total 225280K, used 202958K [0x00000000a4e00000, 0x0000000100000000)
  region size 1024K, 145 young (148480K), 3 survivors (3072K)
 Metaspace       used 99876K, committed 100608K, reserved 1179648K
  class space    used 14296K, committed 14656K, reserved 1048576K
}
Event: 22.729 GC heap after
{Heap after GC invocations=45 (full 0):
 garbage-first heap   total 225280K, used 62286K [0x00000000a4e00000, 0x0000000100000000)
  region size 1024K, 8 young (8192K), 8 survivors (8192K)
 Metaspace       used 99876K, committed 100608K, reserved 1179648K
  class space    used 14296K, committed 14656K, reserved 1048576K
}
Event: 22.762 GC heap before
{Heap before GC invocations=45 (full 0):
 garbage-first heap   total 225280K, used 65358K [0x00000000a4e00000, 0x0000000100000000)
  region size 1024K, 11 young (11264K), 8 survivors (8192K)
 Metaspace       used 99951K, committed 100672K, reserved 1179648K
  class space    used 14305K, committed 14656K, reserved 1048576K
}
Event: 22.768 GC heap after
{Heap after GC invocations=46 (full 0):
 garbage-first heap   total 225280K, used 62970K [0x00000000a4e00000, 0x0000000100000000)
  region size 1024K, 1 young (1024K), 1 survivors (1024K)
 Metaspace       used 99951K, committed 100672K, reserved 1179648K
  class space    used 14305K, committed 14656K, reserved 1048576K
}
Event: 24.488 GC heap before
{Heap before GC invocations=46 (full 0):
 garbage-first heap   total 225280K, used 183802K [0x00000000a4e00000, 0x0000000100000000)
  region size 1024K, 119 young (121856K), 1 survivors (1024K)
 Metaspace       used 106812K, committed 107648K, reserved 1179648K
  class space    used 15275K, committed 15680K, reserved 1048576K
}
Event: 24.496 GC heap after
{Heap after GC invocations=47 (full 0):
 garbage-first heap   total 225280K, used 68799K [0x00000000a4e00000, 0x0000000100000000)
  region size 1024K, 7 young (7168K), 7 survivors (7168K)
 Metaspace       used 106812K, committed 107648K, reserved 1179648K
  class space    used 15275K, committed 15680K, reserved 1048576K
}
Event: 251.445 GC heap before
{Heap before GC invocations=47 (full 0):
 garbage-first heap   total 225280K, used 182463K [0x00000000a4e00000, 0x0000000100000000)
  region size 1024K, 119 young (121856K), 7 survivors (7168K)
 Metaspace       used 109150K, committed 110016K, reserved 1179648K
  class space    used 15627K, committed 16064K, reserved 1048576K
}
Event: 251.572 GC heap after
{Heap after GC invocations=48 (full 0):
 garbage-first heap   total 225280K, used 69917K [0x00000000a4e00000, 0x0000000100000000)
  region size 1024K, 8 young (8192K), 8 survivors (8192K)
 Metaspace       used 109150K, committed 110016K, reserved 1179648K
  class space    used 15627K, committed 16064K, reserved 1048576K
}
Event: 519.402 GC heap before
{Heap before GC invocations=48 (full 0):
 garbage-first heap   total 225280K, used 187677K [0x00000000a4e00000, 0x0000000100000000)
  region size 1024K, 123 young (125952K), 8 survivors (8192K)
 Metaspace       used 109274K, committed 110080K, reserved 1179648K
  class space    used 15652K, committed 16064K, reserved 1048576K
}
Event: 519.508 GC heap after
{Heap after GC invocations=49 (full 0):
 garbage-first heap   total 225280K, used 68273K [0x00000000a4e00000, 0x0000000100000000)
  region size 1024K, 7 young (7168K), 7 survivors (7168K)
 Metaspace       used 109274K, committed 110080K, reserved 1179648K
  class space    used 15652K, committed 16064K, reserved 1048576K
}
Event: 520.371 GC heap before
{Heap before GC invocations=49 (full 0):
 garbage-first heap   total 225280K, used 72369K [0x00000000a4e00000, 0x0000000100000000)
  region size 1024K, 12 young (12288K), 7 survivors (7168K)
 Metaspace       used 109376K, committed 110208K, reserved 1179648K
  class space    used 15671K, committed 16064K, reserved 1048576K
}
Event: 521.615 GC heap after
{Heap after GC invocations=50 (full 1):
 garbage-first heap   total 167936K, used 45917K [0x00000000a4e00000, 0x0000000100000000)
  region size 1024K, 0 young (0K), 0 survivors (0K)
 Metaspace       used 108749K, committed 110208K, reserved 1179648K
  class space    used 15542K, committed 16064K, reserved 1048576K
}
Event: 529.160 GC heap before
{Heap before GC invocations=50 (full 1):
 garbage-first heap   total 167936K, used 138077K [0x00000000a4e00000, 0x0000000100000000)
  region size 1024K, 90 young (92160K), 0 survivors (0K)
 Metaspace       used 109602K, committed 110336K, reserved 1179648K
  class space    used 15653K, committed 16064K, reserved 1048576K
}
Event: 529.191 GC heap after
{Heap after GC invocations=51 (full 1):
 garbage-first heap   total 167936K, used 53874K [0x00000000a4e00000, 0x0000000100000000)
  region size 1024K, 8 young (8192K), 8 survivors (8192K)
 Metaspace       used 109602K, committed 110336K, reserved 1179648K
  class space    used 15653K, committed 16064K, reserved 1048576K
}
Event: 532.887 GC heap before
{Heap before GC invocations=51 (full 1):
 garbage-first heap   total 167936K, used 134770K [0x00000000a4e00000, 0x0000000100000000)
  region size 1024K, 87 young (89088K), 8 survivors (8192K)
 Metaspace       used 109650K, committed 110400K, reserved 1179648K
  class space    used 15664K, committed 16064K, reserved 1048576K
}
Event: 534.247 GC heap after
{Heap after GC invocations=52 (full 1):
 garbage-first heap   total 167936K, used 58421K [0x00000000a4e00000, 0x0000000100000000)
  region size 1024K, 5 young (5120K), 5 survivors (5120K)
 Metaspace       used 109650K, committed 110400K, reserved 1179648K
  class space    used 15664K, committed 16064K, reserved 1048576K
}
Event: 534.316 GC heap before
{Heap before GC invocations=52 (full 1):
 garbage-first heap   total 167936K, used 61493K [0x00000000a4e00000, 0x0000000100000000)
  region size 1024K, 8 young (8192K), 5 survivors (5120K)
 Metaspace       used 109650K, committed 110400K, reserved 1179648K
  class space    used 15664K, committed 16064K, reserved 1048576K
}
Event: 534.328 GC heap after
{Heap after GC invocations=53 (full 1):
 garbage-first heap   total 167936K, used 59048K [0x00000000a4e00000, 0x0000000100000000)
  region size 1024K, 1 young (1024K), 1 survivors (1024K)
 Metaspace       used 109650K, committed 110400K, reserved 1179648K
  class space    used 15664K, committed 16064K, reserved 1048576K
}
Event: 535.702 GC heap before
{Heap before GC invocations=53 (full 1):
 garbage-first heap   total 167936K, used 111272K [0x00000000a4e00000, 0x0000000100000000)
  region size 1024K, 52 young (53248K), 1 survivors (1024K)
 Metaspace       used 110114K, committed 110784K, reserved 1179648K
  class space    used 15729K, committed 16064K, reserved 1048576K
}

